2020-08-08 15:03:16.301 DEBUG background-preinit LoggerFactory - Logging Provider: org.jboss.logging.Log4j2LoggerProvider
2020-08-08 15:03:16.306 INFO  background-preinit Version - HV000001: Hibernate Validator 6.1.5.Final
2020-08-08 15:03:16.316 DEBUG background-preinit ValidationXmlParser - Trying to load META-INF/validation.xml for XML based Validator configuration.
2020-08-08 15:03:16.319 DEBUG background-preinit ResourceLoaderHelper - Trying to load META-INF/validation.xml via TCCL
2020-08-08 15:03:16.319 DEBUG background-preinit ResourceLoaderHelper - Trying to load META-INF/validation.xml via Hibernate Validator's class loader
2020-08-08 15:03:16.320 DEBUG background-preinit ValidationXmlParser - No META-INF/validation.xml found. Using annotation based configuration only.
2020-08-08 15:03:16.325 DEBUG background-preinit TraversableResolvers - Cannot find javax.persistence.Persistence on classpath. Assuming non JPA 2 environment. All properties will per default be traversable.
2020-08-08 15:03:16.348 DEBUG background-preinit ResourceBundleMessageInterpolator - Loaded expression factory via original TCCL
2020-08-08 15:03:16.502 DEBUG background-preinit ValidatorFactoryConfigurationHelper - HV000252: Using org.hibernate.validator.internal.engine.DefaultPropertyNodeNameProvider as property node name provider.
2020-08-08 15:03:16.509 DEBUG background-preinit ValidatorFactoryConfigurationHelper - HV000234: Using org.hibernate.validator.messageinterpolation.ResourceBundleMessageInterpolator as ValidatorFactory-scoped message interpolator.
2020-08-08 15:03:16.509 DEBUG background-preinit ValidatorFactoryConfigurationHelper - HV000234: Using org.hibernate.validator.internal.engine.resolver.TraverseAllTraversableResolver as ValidatorFactory-scoped traversable resolver.
2020-08-08 15:03:16.509 DEBUG background-preinit ValidatorFactoryConfigurationHelper - HV000234: Using org.hibernate.validator.internal.util.ExecutableParameterNameProvider as ValidatorFactory-scoped parameter name provider.
2020-08-08 15:03:16.509 DEBUG background-preinit ValidatorFactoryConfigurationHelper - HV000234: Using org.hibernate.validator.internal.engine.DefaultClockProvider as ValidatorFactory-scoped clock provider.
2020-08-08 15:03:16.510 DEBUG background-preinit ValidatorFactoryConfigurationHelper - HV000234: Using org.hibernate.validator.internal.engine.scripting.DefaultScriptEvaluatorFactory as ValidatorFactory-scoped script evaluator factory.
2020-08-08 15:03:20.641 DEBUG main ResourceBundleMessageInterpolator - Loaded expression factory via original TCCL
2020-08-08 15:03:20.643 DEBUG main AbstractConfigurationImpl - Setting custom MessageInterpolator of type org.springframework.validation.beanvalidation.LocaleContextMessageInterpolator
2020-08-08 15:03:20.643 DEBUG main AbstractConfigurationImpl - Setting custom ConstraintValidatorFactory of type org.springframework.validation.beanvalidation.SpringConstraintValidatorFactory
2020-08-08 15:03:20.644 DEBUG main AbstractConfigurationImpl - Setting custom ParameterNameProvider of type org.springframework.validation.beanvalidation.LocalValidatorFactoryBean$1
2020-08-08 15:03:20.644 DEBUG main ValidationXmlParser - Trying to load META-INF/validation.xml for XML based Validator configuration.
2020-08-08 15:03:20.645 DEBUG main ResourceLoaderHelper - Trying to load META-INF/validation.xml via user class loader
2020-08-08 15:03:20.645 DEBUG main ResourceLoaderHelper - Trying to load META-INF/validation.xml via TCCL
2020-08-08 15:03:20.645 DEBUG main ResourceLoaderHelper - Trying to load META-INF/validation.xml via Hibernate Validator's class loader
2020-08-08 15:03:20.646 DEBUG main ValidationXmlParser - No META-INF/validation.xml found. Using annotation based configuration only.
2020-08-08 15:03:20.646 DEBUG main TraversableResolvers - Cannot find javax.persistence.Persistence on classpath. Assuming non JPA 2 environment. All properties will per default be traversable.
2020-08-08 15:03:20.648 DEBUG main ValidatorFactoryConfigurationHelper - HV000252: Using org.hibernate.validator.internal.engine.DefaultPropertyNodeNameProvider as property node name provider.
2020-08-08 15:03:20.648 DEBUG main ValidatorFactoryConfigurationHelper - HV000234: Using org.springframework.validation.beanvalidation.LocaleContextMessageInterpolator as ValidatorFactory-scoped message interpolator.
2020-08-08 15:03:20.648 DEBUG main ValidatorFactoryConfigurationHelper - HV000234: Using org.hibernate.validator.internal.engine.resolver.TraverseAllTraversableResolver as ValidatorFactory-scoped traversable resolver.
2020-08-08 15:03:20.649 DEBUG main ValidatorFactoryConfigurationHelper - HV000234: Using org.hibernate.validator.internal.util.ExecutableParameterNameProvider as ValidatorFactory-scoped parameter name provider.
2020-08-08 15:03:20.649 DEBUG main ValidatorFactoryConfigurationHelper - HV000234: Using org.hibernate.validator.internal.engine.DefaultClockProvider as ValidatorFactory-scoped clock provider.
2020-08-08 15:03:20.649 DEBUG main ValidatorFactoryConfigurationHelper - HV000234: Using org.hibernate.validator.internal.engine.scripting.DefaultScriptEvaluatorFactory as ValidatorFactory-scoped script evaluator factory.
